{
  "stats": {
    "suites": 1,
    "tests": 2,
    "passes": 2,
    "pending": 0,
    "failures": 0,
    "start": "2021-05-17T16:23:43.795Z",
    "end": "2021-05-17T16:24:24.174Z",
    "duration": 40379,
    "testsRegistered": 2,
    "passPercent": 100,
    "pendingPercent": 0,
    "other": 0,
    "hasOther": false,
    "skipped": 0,
    "hasSkipped": false
  },
  "results": [
    {
      "uuid": "59f41473-ea92-40f6-9e1f-d0e610875c09",
      "title": "",
      "fullFile": "cypress\\integration\\examples\\shoppingPOM.js",
      "file": "cypress\\integration\\examples\\shoppingPOM.js",
      "beforeHooks": [],
      "afterHooks": [],
      "tests": [],
      "suites": [
        {
          "uuid": "b1897032-b683-442d-be62-9f94c8787575",
          "title": "Framework Test",
          "fullFile": "",
          "file": "",
          "beforeHooks": [],
          "afterHooks": [],
          "tests": [
            {
              "title": "should fill the form and assert them",
              "fullTitle": "Framework Test should fill the form and assert them",
              "timedOut": null,
              "duration": 12424,
              "state": "passed",
              "speed": "slow",
              "pass": true,
              "fail": false,
              "pending": false,
              "context": null,
              "code": "cy.visit(Cypress.env('url'));\nhomePage.getEditBox().type(this.data.name);\nhomePage.getGender().select(this.data.gender);\nhomePage.getTwoWayDataBinding().should('have.value', this.data.name);\nhomePage.getEditBox().should('have.attr', 'minlength', 2);\nhomePage.getEntrepeneurButton().should('be.disabled');",
              "err": {},
              "uuid": "e9835598-38b7-4576-bda3-944ca847cbd7",
              "parentUUID": "b1897032-b683-442d-be62-9f94c8787575",
              "isHook": false,
              "skipped": false
            },
            {
              "title": "should click on the shop menu and select the items ",
              "fullTitle": "Framework Test should click on the shop menu and select the items ",
              "timedOut": null,
              "duration": 19751,
              "state": "passed",
              "speed": "slow",
              "pass": true,
              "fail": false,
              "pending": false,
              "context": null,
              "code": "Cypress.config(\"defaultCommandTimeout\", 8000);\nhomePage.clickShopButton().click();\nthis.data.productName.forEach(function (element) {\n  cy.selectProduct(element);\n});\nproductPage.clickCheckoutButton().click();\nlet sum = 0;\ncy.get('tr td:nth-child(4) strong').each(($el, index, $list) => {\n  cy.log($el.text());\n  let numberText = $el.text().split(\" \");\n  numberText = numberText[1].trim();\n  sum = Number(sum) + Number(numberText);\n}).then(function () {\n  cy.log('The sum is ', sum);\n});\ncy.get('h3 strong').then(function (element) {\n  let total = element.text();\n  let totalInt = total.split(\" \");\n  totalInt = totalInt[1].trim();\n  cy.log('new total is', totalInt[1]);\n  expect(sum).to.equal(Number(totalInt));\n});\ncy.contains('Checkout').click();\ncy.get('#country').type('India');\ncy.get('.suggestions > ul > li > a').click();\ncy.get('#checkbox2').click({\n  force: true\n});\ncy.get('input[type=\"submit\"]').click(); // cy.get('.alert').should('have.text', 'Success! Thank you! Your order will be delivered in next few weeks :-).')\ncy.get('.alert').should('include.text', 'Success! Thank you! Your order will be delivered'); // can also use contain.text",
              "err": {},
              "uuid": "7c261aeb-64d1-4110-b344-7a98725b0070",
              "parentUUID": "b1897032-b683-442d-be62-9f94c8787575",
              "isHook": false,
              "skipped": false
            }
          ],
          "suites": [],
          "passes": [
            "e9835598-38b7-4576-bda3-944ca847cbd7",
            "7c261aeb-64d1-4110-b344-7a98725b0070"
          ],
          "failures": [],
          "pending": [],
          "skipped": [],
          "duration": 32175,
          "root": false,
          "rootEmpty": false,
          "_timeout": 2000
        }
      ],
      "passes": [],
      "failures": [],
      "pending": [],
      "skipped": [],
      "duration": 0,
      "root": true,
      "rootEmpty": true,
      "_timeout": 2000
    }
  ],
  "meta": {
    "mocha": {
      "version": "7.0.1"
    },
    "mochawesome": {
      "options": {
        "quiet": false,
        "reportFilename": "mochawesome",
        "saveHtml": true,
        "saveJson": true,
        "consoleReporter": "spec",
        "useInlineDiffs": false,
        "code": true
      },
      "version": "6.2.2"
    },
    "marge": {
      "options": null,
      "version": "5.2.0"
    }
  }
}